<?xml version="1.0" encoding="UTF-8"?>
<!-- Generated by org.testng.reporters.JUnitReportReporter -->
<testsuite skipped="0" hostname="CEQ-ICT-LT-055" name="facebook.testng.annotations.TestNGFacebookTest" tests="1" failures="0" timestamp="10 Aug 2022 06:48:17 GMT" time="5.916" errors="0">
  <testcase name="facebookTest" time="5.916" classname="facebook.testng.annotations.TestNGFacebookTest"/>
</testsuite> <!-- facebook.testng.annotations.TestNGFacebookTest -->
